ab
P@5:0.11121495327102804 R@5:0.12468193384223919 F1@5:0.11756403923505751
P@10:0.08264352469959947 R@10:0.1853016015566532 F1@10:0.11430681870643093
P@15:0.06479894968735397 R@15:0.21793144738811554 F1@15:0.09989537057683401
ht
P@5:0.06336660191573448 R@5:0.07079778476276007 F1@5:0.06687639178537343
P@10:0.04160136771619889 R@10:0.08741206406226613 F1@10:0.05637337709348907
P@15:0.03486798537329763 R@15:0.09063014518784614 F1@15:0.05036075936206932
ah
P@5:0.11562082777036048 R@5:0.12962131417452477 F1@5:0.1222214381483311
P@10:0.08664886515353805 R@10:0.19428229306989972 F1@10:0.1198467291445455
P@15:0.06904761904761905 R@15:0.23222571471336625 F1@15:0.10644574800178382
ha
P@5:0.11555407209612817 R@5:0.12954647507858105 F1@5:0.12215087149812999
P@10:0.08694926568758345 R@10:0.1949558449333932 F1@10:0.12026222242740409
P@15:0.07009345794392523 R@15:0.23574315222272116 F1@15:0.1080580426057425
reserve_1
ab
P@5:0.06865131807748487 R@5:0.07386618769645263 F1@5:0.07116334402826345
P@10:0.04895471212914901 R@10:0.07693459063014518 F1@10:0.05983527836791712
P@15:0.046574723038661545 R@15:0.07708426882203263 F1@15:0.058065789102799005
aht
P@5:0.08584779706275034 R@5:0.09624307738362521 F1@5:0.09074871215863382
P@10:0.057571294684696746 R@10:0.12872324502320012 F1@10:0.07955964660715112
P@15:0.0428267996490742 R@15:0.13882652297560247 F1@15:0.0654598066200861
hat
P@5:0.0863150867823765 R@5:0.09676695105523125 F1@5:0.09124267871004163
P@10:0.057439330543933055 R@10:0.12842388863942525 F1@10:0.07937645997640909
P@15:0.04264658319087003 R@15:0.13815297111210897 F1@15:0.06517441039401214
reserve_2
ab
P@5:0.08746161036186406 R@5:0.09803921568627451 F1@5:0.09244883556810163
P@10:0.05335115131578947 R@10:0.11652447238437359 F1@10:0.07319136934141869
P@15:0.04195675105485232 R@15:0.11906900164646012 F1@15:0.062049062049062055
aht
P@5:0.09632843791722297 R@5:0.1079928154467894 F1@5:0.10182767624020889
P@10:0.06663105888636667 R@10:0.14937883550366712 F1@10:0.09215568585807285
P@15:0.0496707221788146 R@15:0.16651698847477922 F1@15:0.07651701428890761
hat
P@5:0.09699599465954606 R@5:0.10874120640622661 F1@5:0.10253334274222002
P@10:0.06676458806249165 R@10:0.149678191887442 F1@10:0.09234036659125537
P@15:0.04949213081817167 R@15:0.16591827570722945 F1@15:0.07624189693416097
reserve_3
ab
P@5:0.09986648865153538 R@5:0.11195928753180662 F1@5:0.10556770870086798
P@10:0.06384898095556298 R@10:0.14301751234845084 F1@10:0.08828420955372818
P@15:0.045821857003027475 R@15:0.15065110013471036 F1@15:0.07027036461696891
aht
P@5:0.10453938584779707 R@5:0.11719802424786709 F1@5:0.11050737421494601
P@10:0.07413217623497997 R@10:0.16621763209100435 F1@10:0.10253450902543743
P@15:0.05549992211318067 R@15:0.18664870528364016 F1@15:0.08555892896962211
hat
P@5:0.10514018691588785 R@5:0.11787157611136058 F1@5:0.11114247406675606
P@10:0.07419893190921228 R@10:0.16636731028289178 F1@10:0.10262684086607265
P@15:0.05532189509758106 R@15:0.18604999251609042 F1@15:0.0852844817235287
reserve_4
ab
P@5:0.10387182910547396 R@5:0.11644963328842987 F1@5:0.10980170771293486
P@10:0.07040560841261893 R@10:0.15783565334530758 F1@10:0.09737516448507515
P@15:0.05157420620763468 R@15:0.17310282891782666 F1@15:0.07947088129187424
aht
P@5:0.10700934579439253 R@5:0.11996707079778476 F1@5:0.11311834027238728
P@10:0.07880507343124166 R@10:0.17669510552312528 F1@10:0.10899773786990444
P@15:0.05954606141522029 R@15:0.2002694207453974 F1@15:0.0917978800041165
hat
P@5:0.10781041388518024 R@5:0.12086513994910941 F1@5:0.11396514007480064
P@10:0.07897196261682243 R@10:0.17706930100284388 F1@10:0.10922856747149255
P@15:0.05954606141522029 R@15:0.2002694207453974 F1@15:0.0917978800041165
reserve_5
ab
P@5:0.10380507343124165 R@5:0.11637479419248616 F1@5:0.10973114106273374
P@10:0.07392801042745897 R@10:0.16554408022751085 F1@10:0.10221102973453781
P@15:0.055655977326995607 R@15:0.18664870528364016 F1@15:0.08574424561222561
aht
P@5:0.10881174899866489 R@5:0.12198772638826523 F1@5:0.11502363982781735
P@10:0.08044058744993324 R@10:0.1803622212243676 F1@10:0.11125986796546788
P@15:0.06249165442649219 R@15:0.21014818140996858 F1@15:0.09633594071634417
hat
P@5:0.1088785046728972 R@5:0.12206256548420895 F1@5:0.11509420647801849
P@10:0.08077436582109479 R@10:0.1811106121838048 F1@10:0.1117215271686441
P@15:0.06253477244909314 R@15:0.210297859601856 F1@15:0.09640290237919619
reserve_6
ab
P@5:0.10396634615384616 R@5:0.11652447238437359 F1@5:0.10988778318865129
P@10:0.07579470309825115 R@10:0.168986678640922 F1@10:0.10465089333302435
P@15:0.05769317312452185 R@15:0.19188744199970065 F1@15:0.08871358383502873
aht
P@5:0.10854472630173564 R@5:0.12168837000449034 F1@5:0.1147413732270129
P@10:0.0811415220293725 R@10:0.18193384223918574 F1@10:0.11222935229213793
P@15:0.06379805444872337 R@15:0.21448884897470438 F1@15:0.09834434245517715
hat
P@5:0.10927903871829106 R@5:0.12251160005987127 F1@5:0.11551760637922517
P@10:0.08110814419225634 R@10:0.18185900314324202 F1@10:0.11218318637182031
P@15:0.06379663431573324 R@15:0.21448884897470438 F1@15:0.09834265518306283
reserve_7
ab
P@5:0.10379188122784726 R@5:0.11615027690465499 F1@5:0.10962387427158751
P@10:0.07544922406751974 R@10:0.16591827570722945 F1@10:0.10372900388340428
P@15:0.058786842834703874 R@15:0.19046549917676994 F1@15:0.0898436121015286
aht
P@5:0.1088785046728972 R@5:0.12206256548420895 F1@5:0.11509420647801849
P@10:0.079983976498865 R@10:0.1793144738811555 F1@10:0.11062375917632392
P@15:0.0635232189855913 R@15:0.2131417452477174 F1@15:0.09787614269021927
hat
P@5:0.10947930574098798 R@5:0.12273611734770244 F1@5:0.11572930632982852
P@10:0.0807851515556149 R@10:0.1811106121838048 F1@10:0.111731843575419
P@15:0.06384212286765525 R@15:0.21426433168687323 F1@15:0.0983730479151992
reserve_8
ab
P@5:0.0985376978803327 R@5:0.10993863194132615 F1@5:0.10392642377078173
P@10:0.07178356432871343 R@10:0.15349498578057177 F1@10:0.09782038441360233
P@15:0.05770260403991239 R@15:0.1774434964825625 F1@15:0.08708587379710571
aht
P@5:0.1048731642189586 R@5:0.11757221972758569 F1@5:0.1108602074659516
P@10:0.07615263913464428 R@10:0.1707079778476276 F1@10:0.10532148216553157
P@15:0.060856919118469625 R@15:0.2035623409669211 F1@15:0.09370101796510324
hat
P@5:0.10614152202937249 R@5:0.11899416255051638 F1@5:0.11220097381977277
P@10:0.07735193964078253 R@10:0.17340218530160156 F1@10:0.10698125404007758
P@15:0.06151747579328697 R@15:0.20588235294117646 F1@15:0.09472977393639917
