ab
P@5:0.17628427964465043 R@5:0.17955779368951136 F1@5:0.17790597957433538
P@10:0.13167246040942449 R@10:0.26823510897788966 F1@10:0.17663670043265367
P@15:0.10325289102943827 R@15:0.31544574710834844 F1@15:0.15558056504191242
ht
P@5:0.11979287425612489 R@5:0.12196081517035172 F1@5:0.12086712414223331
P@10:0.08152998482791664 R@10:0.16067353843732787 F1@10:0.10817110316514368
P@15:0.0658755887210227 R@15:0.16948619088834685 F1@15:0.09487523950051754
ah
P@5:0.1760525299343376 R@5:0.17932174049885907 F1@5:0.17767209791845326
P@10:0.13422170722286597 R@10:0.27342827917224016 F1@10:0.18005647814710224
P@15:0.10812411484485644 R@15:0.330395782516327 F1@15:0.1629287598944591
ha
P@5:0.1752800308999614 R@5:0.1785348965300181 F1@5:0.1768924923988462
P@10:0.13565083043646195 R@10:0.2763396018569518 F1@10:0.18197362625974767
P@15:0.10917986352517059 R@15:0.33362184278857504 F1@15:0.1645196337110042
reserve_1
ab
P@5:0.13406314453434873 R@5:0.1329766307341254 F1@5:0.1335176772664428
P@10:0.09422244846016799 R@10:0.14564481863246517 F1@10:0.11442170983495084
P@15:0.08733173866141362 R@15:0.14651034699819027 F1@15:0.10943285336467821
aht
P@5:0.15133256083429897 R@5:0.15414273349594776 F1@5:0.15272472129102674
P@10:0.10718843045512548 R@10:0.21811314816271934 F1@10:0.14373865698729585
P@15:0.08059119529994467 R@15:0.24069557006845543 F1@15:0.1207515888366952
hat
P@5:0.15140981073773657 R@5:0.15422141789283186 F1@5:0.15280268184298745
P@10:0.1074632637277649 R@10:0.21866393894090802 F1@10:0.14410536959734502
P@15:0.08046279946235142 R@15:0.24022346368715083 F1@15:0.12054805338387427
reserve_2
ab
P@5:0.16150220230275866 R@5:0.16445038948776458 F1@5:0.16296296296296295
P@10:0.10341839949590423 R@10:0.20662522621764104 F1@10:0.13784415107215034
P@15:0.07943665270986443 R@15:0.21347076874655757 F1@15:0.11578677819982075
aht
P@5:0.1634607956740054 R@5:0.16649618380675113 F1@5:0.16496452794885788
P@10:0.11854913473423981 R@10:0.2414824140372964 F1@10:0.15902790372308728
P@15:0.09038804120517388 R@15:0.2754740734912267 F1@15:0.1361144590023716
hat
P@5:0.1637697952877559 R@5:0.16681092139428752 F1@5:0.1652763701567007
P@10:0.11889678615574784 R@10:0.24219057360925328 F1@10:0.1594942612120113
P@15:0.09031991530894162 R@15:0.27523802030057437 F1@15:0.13600839846028226
reserve_3
ab
P@5:0.17315716272600834 R@5:0.17633173341726335 F1@5:0.17473003001832285
P@10:0.11744914533219893 R@10:0.23896451333700527 F1@10:0.15749215650685816
P@15:0.08591110296236151 R@15:0.25808482177984104 F1@15:0.12891054865587173
aht
P@5:0.16964078794901508 R@5:0.17279093555747896 F1@5:0.1712013721057145
P@10:0.1258014677481653 R@10:0.2562750806515068 F1@10:0.16876084872665092
P@15:0.0977205408886027 R@15:0.29852860177826734 F1@15:0.1472425971203477
hat
P@5:0.17041328698339128 R@5:0.17357777952631992 F1@5:0.17198097762532158
P@10:0.12595596755504054 R@10:0.2565898182390432 F1@10:0.16896810798207207
P@15:0.0976250579568286 R@15:0.298213864190731 F1@15:0.14709592284256082
reserve_4
ab
P@5:0.17551178061027423 R@5:0.1787709497206704 F1@5:0.1771263740547283
P@10:0.12397588498995207 R@10:0.252419545204186 F1@10:0.16628223402876766
P@15:0.09266818228789914 R@15:0.2822409316232591 F1@15:0.13952583775793997
aht
P@5:0.17373503283120897 R@5:0.17696120859233613 F1@5:0.17533328135963203
P@10:0.1302433371958285 R@10:0.26532378629317804 F1@10:0.1747195523200083
P@15:0.1018747424804285 R@15:0.3112754740734912 F1@15:0.15350885702644496
hat
P@5:0.17443028196214755 R@5:0.17766936816429302 F1@5:0.17603492632727838
P@10:0.13051371185786018 R@10:0.26587457707136675 F1@10:0.17508225601699523
P@15:0.10159408719837243 R@15:0.31040994570776614 F1@15:0.15308498253783467
reserve_5
ab
P@5:0.1731467882816727 R@5:0.17625304902037925 F1@5:0.17468611089448646
P@10:0.1260572670132692 R@10:0.255645605476434 F1@10:0.16885377959098824
P@15:0.09684725729608706 R@15:0.2927059564088441 F1@15:0.1455399061032864
aht
P@5:0.1720355349555813 R@5:0.17523015186088597 F1@5:0.17361814921649643
P@10:0.13088661386903613 R@10:0.2665827366433236 F1@10:0.17557133233145047
P@15:0.10379668531071991 R@15:0.31686206625226215 F1@15:0.15637013163514932
hat
P@5:0.17211278485901893 R@5:0.17530883625777008 F1@5:0.17369610976845717
P@10:0.1313064977207757 R@10:0.2674482650090487 F1@10:0.17613680528565875
P@15:0.10384823568832642 R@15:0.31701943504603036 F1@15:0.1564477924901953
reserve_6
ab
P@5:0.17172264355362946 R@5:0.1746006766858132 F1@5:0.17314970153329948
P@10:0.12587632926348957 R@10:0.2514753324415768 F1@10:0.16777343237355313
P@15:0.09922434847956199 R@15:0.29089621528050985 F1@15:0.14797470381043867
aht
P@5:0.1731942835071456 R@5:0.17641041781414746 F1@5:0.17478755749590708
P@10:0.13060278207109738 R@10:0.2659532614682508 F1@10:0.1751794552851849
P@15:0.10396218617625788 R@15:0.316704697458494 F1@15:0.15653864851725813
hat
P@5:0.17365778292777134 R@5:0.17688252419545203 F1@5:0.1752553208076713
P@10:0.1313989877525789 R@10:0.2676056338028169 F1@10:0.17625414593698177
P@15:0.1039487616538829 R@15:0.316704697458494 F1@15:0.15652342990472487
reserve_7
ab
P@5:0.1642381026197489 R@5:0.16673223699740342 F1@5:0.16547577212916326
P@10:0.12218649517684887 R@10:0.23920056652765756 F1@10:0.16174944797680174
P@15:0.09843281280663882 R@15:0.27626091746006765 F1@15:0.14514862127413286
aht
P@5:0.16971803785245268 R@5:0.17286961995436306 F1@5:0.1712793326576752
P@10:0.12639591947138606 R@10:0.2573766622078842 F1@10:0.1695345703327459
P@15:0.10141924790220656 R@15:0.3081280981981273 F1@15:0.15260809415249119
hat
P@5:0.17079953650057939 R@5:0.17397120151074041 F1@5:0.17237078038512513
P@10:0.12750173866007264 R@10:0.259658509717523 F1@10:0.1710243320981576
P@15:0.10216710250368952 R@15:0.3104886301046502 F1@15:0.15374425309748302
reserve_8
ab
P@5:0.15903258418228478 R@5:0.16090959162798016 F1@5:0.15996558197747182
P@10:0.11738695144335058 R@10:0.22141789283185145 F1@10:0.15343093154494153
P@15:0.0974259701763407 R@15:0.2534424423636793 F1@15:0.14074721433253223
aht
P@5:0.1653147933565083 R@5:0.16838460933196947 F1@5:0.16683558119591488
P@10:0.12188900912042047 R@10:0.24817058777244472 F1@10:0.16348321886743555
P@15:0.09694858865727504 R@15:0.2934928003776851 F1@15:0.14575151905906256
hat
P@5:0.16770954036307453 R@5:0.1708238256353765 F1@5:0.1692523583066968
P@10:0.12419336141272846 R@10:0.2528916515854906 F1@10:0.1665802840261221
P@15:0.09827505585286019 R@15:0.2976630734125423 F1@15:0.14776477940745658
