ab
P@5:0.1184245660881175 R@5:0.13276455620416105 F1@5:0.12518523745677793
P@10:0.08284379172229639 R@10:0.18575063613231552 F1@10:0.11458381422833663
P@15:0.06450966866196399 R@15:0.21695853914084717 F1@15:0.09944940910104456
ht
P@5:0.06591198338803671 R@5:0.07364167040862146 F1@5:0.06956275847442649
P@10:0.04177945576292919 R@10:0.08778625954198473 F1@10:0.056614701481731734
P@15:0.03478160720969739 R@15:0.09040562790001497 F1@15:0.050236001081238435
ah
P@5:0.12196261682242991 R@5:0.13673102828917827 F1@5:0.12892526991743702
P@10:0.08811748998664887 R@10:0.19757521329142344 F1@10:0.12187802963852086
P@15:0.06938139741878059 R@15:0.2333483011525221 F1@15:0.10696031010943022
ha
P@5:0.12016021361815754 R@5:0.1347103726986978 F1@5:0.12701997036200693
P@10:0.08761682242990654 R@10:0.19645262685226764 F1@10:0.12118554083375652
P@15:0.0696706720071206 R@15:0.23432120939979045 F1@15:0.10740626393605708
reserve_1
ab
P@5:0.0661473186339292 R@5:0.07117198024247867 F1@5:0.06856772053787087
P@10:0.04890709081384828 R@10:0.07685975153420146 F1@10:0.059777072844212915
P@15:0.04661994121636898 R@15:0.07715910791797635 F1@15:0.058122163655325985
aht
P@5:0.08604806408544727 R@5:0.09646759467145637 F1@5:0.0909604121092372
P@10:0.0564332574641853 R@10:0.1261787157611136 F1@10:0.0779869559184051
P@15:0.042549752966708224 R@15:0.1379284538242778 F1@15:0.06503634695461924
hat
P@5:0.08818424566088118 R@5:0.09886244574165544 F1@5:0.09321854491567287
P@10:0.05747280334728033 R@10:0.12849872773536897 F1@10:0.07942271665471702
P@15:0.042461765928937766 R@15:0.1375542583445592 F1@15:0.06489196441180624
reserve_2
ab
P@5:0.08325544131392709 R@5:0.09332435264182008 F1@5:0.08800282286520818
P@10:0.05249451754385965 R@10:0.11465349498578058 F1@10:0.07201617073285385
P@15:0.041930379746835444 R@15:0.11899416255051638 F1@15:0.06201006201006202
aht
P@5:0.09532710280373832 R@5:0.10687022900763359 F1@5:0.10076917648719216
P@10:0.06576311924155429 R@10:0.14743301900913036 F1@10:0.09095526109238654
P@15:0.04913494809688582 R@15:0.16472085017212992 F1@15:0.07569166222466771
hat
P@5:0.09706275033377837 R@5:0.10881604550217033 F1@5:0.10260390939242114
P@10:0.06586326612364801 R@10:0.14765753629696154 F1@10:0.0910937716422734
P@15:0.04913494809688582 R@15:0.16472085017212992 F1@15:0.07569166222466771
reserve_3
ab
P@5:0.09532710280373832 R@5:0.10687022900763359 F1@5:0.10076917648719216
P@10:0.06271299699298363 R@10:0.14047298308636433 F1@10:0.08671348055067912
P@15:0.04550317543420364 R@15:0.14960335279149828 F1@15:0.06978164871799349
aht
P@5:0.10367156208277703 R@5:0.11622511600059872 F1@5:0.10959000776233152
P@10:0.07279706275033378 R@10:0.1632240682532555 F1@10:0.10068787221273255
P@15:0.05505485457418163 R@15:0.18515192336476574 F1@15:0.0848728108543886
hat
P@5:0.10440587449933245 R@5:0.11704834605597965 F1@5:0.11036624091454378
P@10:0.07242990654205607 R@10:0.16240083819787457 F1@10:0.10018004708923871
P@15:0.05481006742773216 R@15:0.1843286933093848 F1@15:0.08449544589101013
reserve_4
ab
P@5:0.09979973297730307 R@5:0.1118844484358629 F1@5:0.10549714205066686
P@10:0.0685695209480888 R@10:0.15371950306840293 F1@10:0.0948357457811021
P@15:0.050860684980378164 R@15:0.1707079778476276 F1@15:0.07837141384641813
aht
P@5:0.10707610146862483 R@5:0.12004190989372848 F1@5:0.11318890692258839
P@10:0.07690253671562083 R@10:0.1724292770543332 F1@10:0.10636628041180002
P@15:0.059056519804183354 R@15:0.19862296063463553 F1@15:0.09104318891290179
hat
P@5:0.1082777036048064 R@5:0.12138901362071546 F1@5:0.11445910662620846
P@10:0.07690253671562083 R@10:0.1724292770543332 F1@10:0.10636628041180002
P@15:0.05903426791277259 R@15:0.1985481215386918 F1@15:0.09100888477239204
reserve_5
ab
P@5:0.10307076101468625 R@5:0.11555156413710523 F1@5:0.10895490791052148
P@10:0.07269142074128539 R@10:0.16277503367759316 F1@10:0.10050135156990044
P@15:0.05469639151101292 R@15:0.18343062415806016 F1@15:0.08426589654994586
aht
P@5:0.10907877169559413 R@5:0.12228708277204012 F1@5:0.11530590642862185
P@10:0.07933911882510013 R@10:0.1778925310582248 F1@10:0.10973639259498638
P@15:0.06169047936974229 R@15:0.2074539739559946 F1@15:0.09510086455331412
hat
P@5:0.11034712950600802 R@5:0.12370902559497081 F1@5:0.11664667278244302
P@10:0.07900534045393859 R@10:0.1771441400987876 F1@10:0.10927473339181017
P@15:0.06135529097585401 R@15:0.2063313875168388 F1@15:0.09458462699624337
reserve_6
ab
P@5:0.10276442307692307 R@5:0.11517736865738662 F1@5:0.10861740419225069
P@10:0.07411634386224028 R@10:0.16524472384373598 F1@10:0.10233355734247909
P@15:0.05701813599747986 R@15:0.189642269121389 F1@15:0.08767559338454085
aht
P@5:0.10894526034712951 R@5:0.12213740458015267 F1@5:0.1151647731282196
P@10:0.08027369826435247 R@10:0.179988025744649 F1@10:0.11102903836387978
P@15:0.06246243572334884 R@15:0.2099985032180811 F1@15:0.09628549369477567
hat
P@5:0.11128170894526035 R@5:0.12475677293818291 F1@5:0.11763460588525863
P@10:0.08027369826435247 R@10:0.179988025744649 F1@10:0.11102903836387978
P@15:0.0627281631199359 R@15:0.2108965723694058 F1@15:0.0966956044333116
reserve_7
ab
P@5:0.10318999531866516 R@5:0.11547672504116151 F1@5:0.10898816881511567
P@10:0.07429213177239313 R@10:0.16337374644514294 F1@10:0.1021382117625041
P@15:0.05807077520096092 R@15:0.1881454872025146 F1@15:0.08874924983231547
aht
P@5:0.10921228304405875 R@5:0.12243676096392755 F1@5:0.11544703972902406
P@10:0.07988382961677126 R@10:0.17908995659332436 F1@10:0.11048524862643706
P@15:0.06251951643841727 R@15:0.20977398593024996 F1@15:0.09632964464911678
hat
P@5:0.11141522029372497 R@5:0.12490645113007035 F1@5:0.11777573918566085
P@10:0.08035118173320871 R@10:0.18013770393653644 F1@10:0.11113163119257584
P@15:0.06295016166796745 R@15:0.21127076784912438 F1@15:0.09699864277492398
reserve_8
ab
P@5:0.09907432251140327 R@5:0.11053734470887591 F1@5:0.10449239476476829
P@10:0.07185356292874143 R@10:0.1536446639724592 F1@10:0.0979157724042543
P@15:0.05731321489413482 R@15:0.17624607094746295 F1@15:0.08649820024976126
aht
P@5:0.10527369826435247 R@5:0.11802125430324802 F1@5:0.11128360736715827
P@10:0.0763863385971355 R@10:0.17123185151923365 F1@10:0.10564469583285235
P@15:0.06002908602751986 R@15:0.20079329441700344 F1@15:0.09242640852954853
hat
P@5:0.10867823765020027 R@5:0.1218380481963778 F1@5:0.11488250652741515
P@10:0.07768578487013421 R@10:0.17415057626103878 F1@10:0.10744297719087635
P@15:0.061047876741429814 R@15:0.20431073192635832 F1@15:0.09400664589108314
