ab
P@5:0.17520278099652375 R@5:0.178456212133134 F1@5:0.17681453184688548
P@10:0.12715334105832368 R@10:0.25902903454245024 F1@10:0.17057436721158578
P@15:0.10129549025162903 R@15:0.309465732945157 F1@15:0.1526311704439615
ht
P@5:0.12288430326918619 R@5:0.12510819104571563 F1@5:0.12398627573300063
P@10:0.08125049908168969 R@10:0.1601227476591392 F1@10:0.10780029135213878
P@15:0.06596733745183192 R@15:0.16972224407899913 F1@15:0.09500737771709208
ah
P@5:0.17481653147933565 R@5:0.1780627901487135 F1@5:0.17642472908708196
P@10:0.1310158362302047 R@10:0.26689747423086 F1@10:0.17575584859711393
P@15:0.10596111754860306 R@15:0.3237862931780628 F1@15:0.15966940866056187
ha
P@5:0.17852452684434145 R@5:0.18183964119915022 F1@5:0.18016683558119592
P@10:0.13599845500193125 R@10:0.27704776142890863 F1@10:0.18243995958444517
P@15:0.10889661387923265 R@15:0.33275631442285 F1@15:0.16409281390656524
reserve_1
ab
P@5:0.12922417896239885 R@5:0.12817688252419546 F1@5:0.1286984001580091
P@10:0.09381522015780097 R@10:0.1450153434573924 F1@10:0.11392718056499969
P@15:0.08728483654612823 R@15:0.14643166260130616 F1@15:0.10937408169262415
aht
P@5:0.15218230977211278 R@5:0.15500826186167282 F1@5:0.15358228736259452
P@10:0.10691775260044081 R@10:0.21756235738453064 F1@10:0.14337568058076225
P@15:0.08032773928392654 R@15:0.23990872609961444 F1@15:0.12035684680061579
hat
P@5:0.1555813055233681 R@5:0.15847037532457314 F1@5:0.15701255164886568
P@10:0.10696055684454757 R@10:0.21764104178141475 F1@10:0.14343125307889756
P@15:0.08006746962549087 R@15:0.23904319773388938 F1@15:0.11995577667219459
reserve_2
ab
P@5:0.15586121628931304 R@5:0.15870642851522543 F1@5:0.157270955165692
P@10:0.10192186515437933 R@10:0.20363521913604532 F1@10:0.13584945277026847
P@15:0.07908529265364682 R@15:0.21252655598394837 F1@15:0.11527463616576329
aht
P@5:0.16601004248744688 R@5:0.16909276890392635 F1@5:0.16753722616356123
P@10:0.11762206427688504 R@10:0.23959398851207805 F1@10:0.15778428375262327
P@15:0.08963932563963545 R@15:0.2731922259815879 F1@15:0.13498697562303175
hat
P@5:0.1675550405561993 R@5:0.1706664568416083 F1@5:0.16909643720277537
P@10:0.11793108776266996 R@10:0.24022346368715083 F1@10:0.15819882374277794
P@15:0.08951948152547187 R@15:0.2727988039971674 F1@15:0.13480306388273264
reserve_3
ab
P@5:0.16798021944058106 R@5:0.1710598788260288 F1@5:0.1695060621418268
P@10:0.1149354165055302 R@10:0.2338500275395389 F1@10:0.15412139912360306
P@15:0.08564917886796407 R@15:0.25729797781100006 F1@15:0.12851752869045746
aht
P@5:0.17249903437620703 R@5:0.17570225824219057 F1@5:0.1740859125282607
P@10:0.12437234453456933 R@10:0.25336375796679517 F1@10:0.16684370061400552
P@15:0.09622665808113329 R@15:0.2939649067589897 F1@15:0.14499165599410097
hat
P@5:0.1731942835071456 R@5:0.17641041781414746 F1@5:0.17478755749590708
P@10:0.12475859405175743 R@10:0.25415060193563616 F1@10:0.16736184875255836
P@15:0.09579619803204369 R@15:0.29262727201196004 F1@15:0.14434030001358406
reserve_4
ab
P@5:0.173117033603708 R@5:0.17633173341726335 F1@5:0.17470959694394636
P@10:0.12200494666872778 R@10:0.24840664096309703 F1@10:0.16363871970973176
P@15:0.09106644621266921 R@15:0.27736249901644505 F1@15:0.13711418402473888
aht
P@5:0.1738895326380842 R@5:0.17711857738610434 F1@5:0.17548920246355346
P@10:0.12815758980301276 R@10:0.2610748288614368 F1@10:0.1719215523718231
P@15:0.10081891223733004 R@15:0.30804941380124323 F1@15:0.15191789061135796
hat
P@5:0.17473928157589802 R@5:0.1779841057518294 F1@5:0.1763467685351212
P@10:0.12881421398223253 R@10:0.26241246360846643 F1@10:0.17280240420736287
P@15:0.10064124024619506 R@15:0.30749862302305453 F1@15:0.1516492045013582
reserve_5
ab
P@5:0.17206462085491225 R@5:0.1751514674640019 F1@5:0.17359432270139594
P@10:0.12400093117094747 R@10:0.2514753324415768 F1@10:0.1660993165813476
P@15:0.0956757178933118 R@15:0.2891651585490597 F1@15:0.1437793427230047
aht
P@5:0.1752800308999614 R@5:0.1785348965300181 F1@5:0.1768924923988462
P@10:0.12949584701564612 R@10:0.2637500983554961 F1@10:0.17370575737161217
P@15:0.10302342964662216 R@15:0.31450153434573924 F1@15:0.1552052188094591
hat
P@5:0.17443028196214755 R@5:0.17766936816429302 F1@5:0.17603492632727838
P@10:0.12991578459398903 R@10:0.2646156267212212 F1@10:0.17427127866303926
P@15:0.10292032889140913 R@15:0.3141867967582028 F1@15:0.15504989709936706
reserve_6
ab
P@5:0.1710261569416499 R@5:0.1738925171138563 F1@5:0.17244742694393508
P@10:0.12465537613233557 R@10:0.2490361161381698 F1@10:0.16614609307330902
P@15:0.09820446066722134 R@15:0.28790620819891416 F1@15:0.14645373038744797
aht
P@5:0.17481653147933565 R@5:0.1780627901487135 F1@5:0.17642472908708196
P@10:0.1295208655332303 R@10:0.2637500983554961 F1@10:0.17372826453134316
P@15:0.10279987602025002 R@15:0.31316389959870955 F1@15:0.15478852698104034
hat
P@5:0.1742757821552723 R@5:0.17751199937052484 F1@5:0.175879005223357
P@10:0.1302012904222849 R@10:0.2651664174994099 F1@10:0.17464759535655058
P@15:0.10307068515792464 R@15:0.31402942796443467 F1@15:0.15520124440987754
reserve_7
ab
P@5:0.16532320570454193 R@5:0.1678338185537808 F1@5:0.16656905236031394
P@10:0.12162379421221865 R@10:0.2380989849712802 F1@10:0.16100454920322435
P@15:0.09770388853065687 R@15:0.2742151231410811 F1@15:0.14407375253214272
aht
P@5:0.17033603707995365 R@5:0.17349909512943584 F1@5:0.17190301707336086
P@10:0.12600950577688474 R@10:0.2565898182390432 F1@10:0.1690162744894786
P@15:0.10038330052833316 R@15:0.3049807223227634 F1@15:0.15104927807330332
hat
P@5:0.1731942835071456 R@5:0.17641041781414746 F1@5:0.17478755749590708
P@10:0.1274631017695696 R@10:0.2595798253206389 F1@10:0.17097250654297635
P@15:0.10139036325505528 R@15:0.3081280981981273 F1@15:0.15257539156861216
reserve_8
ab
P@5:0.1585659849132903 R@5:0.1604374852466756 F1@5:0.15949624530663328
P@10:0.11776238945436343 R@10:0.22212605240380834 F1@10:0.15392164881001064
P@15:0.09648830948852122 R@15:0.25100322606027226 F1@15:0.13939261525016386
aht
P@5:0.16593279258400928 R@5:0.16901408450704225 F1@5:0.16745926561160054
P@10:0.1218503632709847 R@10:0.2480919033755606 F1@10:0.16343138525333678
P@15:0.09622082445287727 R@15:0.29128963726493035 F1@15:0.14465740577926264
hat
P@5:0.16817303978370027 R@5:0.17129593201668109 F1@5:0.16972012161846103
P@10:0.12369102360987673 R@10:0.2518687544259973 F1@10:0.16590649942987457
P@15:0.09757364784122201 R@15:0.29553859469667165 F1@15:0.14671015370193152
